#
# There is insufficient memory for the Java Runtime Environment to continue.
# Native memory allocation (malloc) failed to allocate 1048576 bytes for AllocateHeap
# Possible reasons:
#   The system is out of physical RAM or swap space
#   In 32 bit mode, the process size limit was hit
# Possible solutions:
#   Reduce memory load on the system
#   Increase physical memory or swap space
#   Check if swap backing store is full
#   Use 64 bit Java on a 64 bit OS
#   Decrease Java heap size (-Xmx/-Xms)
#   Decrease number of Java threads
#   Decrease Java thread stack sizes (-Xss)
#   Set larger code cache with -XX:ReservedCodeCacheSize=
# This output file may be truncated or incomplete.
#
#  Out of Memory Error (memory/allocation.inline.hpp:61), pid=2400, tid=0x000000000000d3b0
#
# JRE version:  (8.0_171-b11) (build )
# Java VM: Java HotSpot(TM) 64-Bit Server VM (25.171-b11 mixed mode windows-amd64 compressed oops)
# Failed to write core dump. Minidumps are not enabled by default on client versions of Windows
#

---------------  T H R E A D  ---------------

Current thread (0x0000000002ddd800):  JavaThread "Unknown thread" [_thread_in_vm, id=54192, stack(0x0000000002de0000,0x0000000002ee0000)]

Stack: [0x0000000002de0000,0x0000000002ee0000]
[error occurred during error reporting (printing stack bounds), id 0xc0000005]

Native frames: (J=compiled Java code, j=interpreted, Vv=VM code, C=native code)


---------------  P R O C E S S  ---------------

Java Threads: ( => current thread )

Other Threads:

=>0x0000000002ddd800 (exited) JavaThread "Unknown thread" [_thread_in_vm, id=54192, stack(0x0000000002de0000,0x0000000002ee0000)]

VM state:not at safepoint (normal execution)

VM Mutex/Monitor currently owned by a thread: None

Heap:
 PSYoungGen      total 18944K, used 327K [0x00000000feb00000, 0x0000000100000000, 0x0000000100000000)
  eden space 16384K, 2% used [0x00000000feb00000,0x00000000feb51ec8,0x00000000ffb00000)
  from space 2560K, 0% used [0x00000000ffd80000,0x00000000ffd80000,0x0000000100000000)
  to   space 2560K, 0% used [0x00000000ffb00000,0x00000000ffb00000,0x00000000ffd80000)
 ParOldGen       total 44032K, used 0K [0x00000000fc000000, 0x00000000feb00000, 0x00000000feb00000)
  object space 44032K, 0% used [0x00000000fc000000,0x00000000fc000000,0x00000000feb00000)
 Metaspace       used 774K, capacity 4480K, committed 4480K, reserved 1056768K
  class space    used 76K, capacity 384K, committed 384K, reserved 1048576K

Card table byte_map: [0x0000000002ba0000,0x0000000002bd0000] byte_map_base: 0x00000000023c0000

Marking Bits: (ParMarkBitMap*) 0x000000005df908c0
 Begin Bits: [0x00000000129a0000, 0x0000000012aa0000)
 End Bits:   [0x0000000012aa0000, 0x0000000012ba0000)

Polling page: 0x0000000001510000

CodeCache: size=245760Kb used=328Kb max_used=328Kb free=245431Kb
 bounds [0x0000000002fe0000, 0x0000000003250000, 0x0000000011fe0000]
 total_blobs=58 nmethods=0 adapters=38
 compilation: enabled

Compilation events (0 events):
No events

GC Heap History (0 events):
No events

Deoptimization events (0 events):
No events

Classes redefined (0 events):
No events

Internal exceptions (0 events):
No events

Events (10 events):
Event: 0.071 loading class java/lang/Short
Event: 0.071 loading class java/lang/Short done
Event: 0.071 loading class java/lang/Integer
Event: 0.072 loading class java/lang/Integer done
Event: 0.072 loading class java/lang/Long
Event: 0.072 loading class java/lang/Long done
Event: 0.073 loading class java/lang/NullPointerException
Event: 0.073 loading class java/lang/NullPointerException done
Event: 0.073 loading class java/lang/ArithmeticException
Event: 0.073 loading class java/lang/ArithmeticException done


Dynamic libraries:
0x00007ff698c40000 - 0x00007ff698c77000 	C:\Program Files\Java\jdk1.8.0_171\bin\java.exe
0x00007ff9fdd30000 - 0x00007ff9fdf11000 	C:\WINDOWS\SYSTEM32\ntdll.dll
0x00007ff9fd190000 - 0x00007ff9fd242000 	C:\WINDOWS\System32\KERNEL32.DLL
0x00007ff9fae70000 - 0x00007ff9fb0e3000 	C:\WINDOWS\System32\KERNELBASE.dll
0x00007ff9fd660000 - 0x00007ff9fd701000 	C:\WINDOWS\System32\ADVAPI32.dll
0x00007ff9fd8c0000 - 0x00007ff9fd95e000 	C:\WINDOWS\System32\msvcrt.dll
0x00007ff9fdb00000 - 0x00007ff9fdb5b000 	C:\WINDOWS\System32\sechost.dll
0x00007ff9fd2c0000 - 0x00007ff9fd3e4000 	C:\WINDOWS\System32\RPCRT4.dll
0x00007ff9fd710000 - 0x00007ff9fd8a0000 	C:\WINDOWS\System32\USER32.dll
0x00007ff9fa1b0000 - 0x00007ff9fa1d0000 	C:\WINDOWS\System32\win32u.dll
0x00007ff9fd960000 - 0x00007ff9fd988000 	C:\WINDOWS\System32\GDI32.dll
0x00007ff9fa270000 - 0x00007ff9fa402000 	C:\WINDOWS\System32\gdi32full.dll
0x00007ff9fa1d0000 - 0x00007ff9fa26f000 	C:\WINDOWS\System32\msvcp_win.dll
0x00007ff9fad70000 - 0x00007ff9fae6a000 	C:\WINDOWS\System32\ucrtbase.dll
0x00007ff9ee970000 - 0x00007ff9eebd9000 	C:\WINDOWS\WinSxS\amd64_microsoft.windows.common-controls_6595b64144ccf1df_6.0.17134.407_none_fb449d63306391e9\COMCTL32.dll
0x00007ff9fcbb0000 - 0x00007ff9fced2000 	C:\WINDOWS\System32\combase.dll
0x00007ff9fb140000 - 0x00007ff9fb1ba000 	C:\WINDOWS\System32\bcryptPrimitives.dll
0x00007ff9fb280000 - 0x00007ff9fb2ad000 	C:\WINDOWS\System32\IMM32.DLL
0x000000005e010000 - 0x000000005e0e2000 	C:\Program Files\Java\jdk1.8.0_171\jre\bin\msvcr100.dll
0x000000005d770000 - 0x000000005e010000 	C:\Program Files\Java\jdk1.8.0_171\jre\bin\server\jvm.dll
0x00007ff9fb270000 - 0x00007ff9fb278000 	C:\WINDOWS\System32\PSAPI.DLL
0x00007ff9ee6c0000 - 0x00007ff9ee6c9000 	C:\WINDOWS\SYSTEM32\WSOCK32.dll
0x00007ff9ee260000 - 0x00007ff9ee283000 	C:\WINDOWS\SYSTEM32\WINMM.dll
0x00007ff9f5a50000 - 0x00007ff9f5a5a000 	C:\WINDOWS\SYSTEM32\VERSION.dll
0x00007ff9fd990000 - 0x00007ff9fd9fc000 	C:\WINDOWS\System32\WS2_32.dll
0x00007ff9ee230000 - 0x00007ff9ee25a000 	C:\WINDOWS\SYSTEM32\WINMMBASE.dll
0x00007ff9fb0f0000 - 0x00007ff9fb139000 	C:\WINDOWS\System32\cfgmgr32.dll
0x000000005d760000 - 0x000000005d76f000 	C:\Program Files\Java\jdk1.8.0_171\jre\bin\verify.dll
0x000000005d730000 - 0x000000005d759000 	C:\Program Files\Java\jdk1.8.0_171\jre\bin\java.dll
0x000000005d710000 - 0x000000005d726000 	C:\Program Files\Java\jdk1.8.0_171\jre\bin\zip.dll

VM Arguments:
jvm_args: -Xmx64M -Dfile.encoding=UTF8 
java_command: C:\Program Files\Unity\Editor\Data\PlaybackEngines\AndroidPlayer/Tools\sdktools.jar -
java_class_path (initial): C:\Program Files\Unity\Editor\Data\PlaybackEngines\AndroidPlayer/Tools\sdktools.jar
Launcher Type: SUN_STANDARD

Environment Variables:
JAVA_HOME=C:/Program Files/Java/jdk1.8.0_171
PATH=C:\Program Files (x86)\Common Files\Intel\Shared Libraries\redist\intel64\compiler;C:\WINDOWS\system32;C:\WINDOWS;C:\WINDOWS\System32\Wbem;C:\WINDOWS\System32\WindowsPowerShell\v1.0\;C:\Program Files\Java\jdk1.8.0_171\bin;.;C:\WINDOWS\System32\OpenSSH\;C:\Program Files\Git\cmd;C:\Program Files\nodejs\;C:\Users\Admin\AppData\Local\Programs\Python\Python36\Scripts\;C:\Users\Admin\AppData\Local\Programs\Python\Python36\;C:\Users\Admin\AppData\Local\Microsoft\WindowsApps;C:\Users\Admin\AppData\Roaming\npm;C:\Program Files\heroku\bin
USERNAME=Admin
OS=Windows_NT
PROCESSOR_IDENTIFIER=Intel64 Family 6 Model 158 Stepping 10, GenuineIntel



---------------  S Y S T E M  ---------------

OS: Windows 10.0 , 64 bit Build 17134 (10.0.17134.1)

CPU:total 6 (initial active 6) (6 cores per cpu, 1 threads per core) family 6 model 158 stepping 10, cmov, cx8, fxsr, mmx, sse, sse2, sse3, ssse3, sse4.1, sse4.2, popcnt, avx, avx2, aes, clmul, erms, 3dnowpref, lzcnt, tsc, tscinvbit, bmi1, bmi2, adx

Memory: 4k page, physical 8329892k(553724k free), swap 23899668k(5280k free)

vm_info: Java HotSpot(TM) 64-Bit Server VM (25.171-b11) for windows-amd64 JRE (1.8.0_171-b11), built on Mar 28 2018 16:06:12 by "java_re" with MS VC++ 10.0 (VS2010)

time: Thu Nov 15 17:25:54 2018
elapsed time: 0 seconds (0d 0h 0m 0s)

